
Detector #1      ACQ 17-Feb-2022 at 11:09:06   RT = 120.0   LT = 119.6
            CK155-04 Easy-MCA-2k SN 12292282
            This is spectrum 003

ROI # 1     RANGE: 471 = 788.35keV  to  536 = 900.08keV
            AREA : Gross =  5579    Net = 3478   +/- 156
            CENTROID: 504.13  = 845.29keV
            SHAPE: FWHM = 41.24     FW(1/5)M = 66.38
            ID: Eu-154 at 845.39keV
            Corrected Rate = 4947.28 +/- 221.90 cA

ROI # 2     RANGE: 564 = 948.23keV  to  647 = 1090.98keV
            AREA : Gross =  3163    Net = 937   +/- 172
            CENTROID: 597.67  = 1006.13keV
            SHAPE: FWHM = 12.37     FW(1/5)M = 46.73
            ID: Eu-154 at 1004.72keV
            Corrected Rate = 43.76 +/- 8.03 cA

ROI # 3     RANGE: 763 = 1290.58keV  to  844 = 1430.03keV
            AREA : Gross =  3272    Net = 2015   +/- 133
            CENTROID: 808.79  = 1369.39keV
            SHAPE: FWHM = 51.97     FW(1/5)M = 82.34
            ID: Kr-88 at 1369.50keV
            Corrected Rate = 1138.75 +/- 75.16 cA

ROI # 4     RANGE: 1001 = 1700.47keV  to  1090 = 1853.88keV
            AREA : Gross =  658    Net = 73   +/- 90
            CENTROID: 1045.90  = 1777.85keV
            SHAPE: FWHM = 2.00     FW(1/5)M = 3.78
            ID: Br-82 at 1779.66keV
            Corrected Rate = 537.48 +/- 662.64 cA

ROI # 5     RANGE: 1573 = 2687.58keV  to  1669 = 2853.52keV
            AREA : Gross =  1411    Net = 764   +/- 102
            CENTROID: 1629.61  = 2785.43keV
            SHAPE: FWHM = 15.56     FW(1/5)M = 87.99
            ID: Kr-87 at 2811.40keV
            Corrected Rate = 1984.50 +/- 264.95 cA