
Detector #1      ACQ 17-Feb-2022 at 11:29:16   RT = 120.0   LT = 119.6
            CK155-04 Easy-MCA-2k SN 12292282
            This is spectrum 013

ROI # 1     RANGE: 471 = 788.35keV  to  536 = 900.08keV
            AREA : Gross =  2322    Net = 771   +/- 127
            CENTROID: 499.24  = 836.89keV
            SHAPE: FWHM = 4.17     FW(1/5)M = 54.62
            ID: J-135 at 836.80keV
            Corrected Rate = 95.76 +/- 15.77 cA

ROI # 2     RANGE: 564 = 948.23keV  to  647 = 1090.98keV
            AREA : Gross =  2151    Net = 219   +/- 159
            CENTROID: 603.04  = 1015.37keV
            SHAPE: FWHM = 7.88     FW(1/5)M = 9.34
            ID: Cs-138 at 1009.78keV
            Corrected Rate = 6.14 +/- 4.46 cA

ROI # 3     RANGE: 763 = 1290.58keV  to  844 = 1430.03keV
            AREA : Gross =  3209    Net = 1870   +/- 137
            CENTROID: 808.81  = 1369.43keV
            SHAPE: FWHM = 38.74     FW(1/5)M = 78.88
            ID: Kr-88 at 1369.50keV
            Corrected Rate = 1056.10 +/- 77.37 cA

ROI # 4     RANGE: 1001 = 1700.47keV  to  1090 = 1853.88keV
            AREA : Gross =  685    Net = 130   +/- 88
            CENTROID: 1024.80  = 1741.48keV
            SHAPE: FWHM = 2.29     FW(1/5)M = 7.36
            ID: J-134 at 1741.49keV
            Corrected Rate = 42.45 +/- 28.73 cA

ROI # 5     RANGE: 1573 = 2687.58keV  to  1669 = 2853.52keV
            AREA : Gross =  1343    Net = 890   +/- 88
            CENTROID: 1619.78  = 2768.43keV
            SHAPE: FWHM = 16.61     FW(1/5)M = 88.30
            ID: Na-24 at 2754.00keV
            Corrected Rate = 7.44 +/- 0.74 cA