
Detector #1      ACQ 17-Feb-2022 at 13:48:51   RT = 60.0   LT = 59.9
            CK155-04 Easy-MCA-2k SN 12292282
            This is spectrum 028

ROI # 1     RANGE: 471 = 788.35keV  to  536 = 900.08keV
            AREA : Gross =  608    Net = 113   +/- 71
            CENTROID: 500.11  = 838.39keV
            SHAPE: FWHM = 2.61     FW(1/5)M = 10.31
            ID: Pb-214 at 839.03keV
            Corrected Rate = 299.54 +/- 188.21 cA

ROI # 2     RANGE: 564 = 948.23keV  to  647 = 1090.98keV
            AREA : Gross =  413    Net = 91   +/- 65
            CENTROID: 583.00  = 980.90keV
            SHAPE: FWHM = 60.36     FW(1/5)M = 61.49
            ID: Co-56 at 977.37keV
            Corrected Rate = 106.27 +/- 75.91 cA

ROI # 3     RANGE: 763 = 1290.58keV  to  844 = 1430.03keV
            AREA : Gross =  280    Net = -157   +/- 73
            CENTROID: 832.00  = 1409.36keV
            SHAPE: FWHM = 1.72     FW(1/5)M = 2.75
            ID: Eu-152 at 1408.01keV
            Corrected Rate = 0.00 +/- 5.84 cA

ROI # 4     RANGE: 1001 = 1700.47keV  to  1090 = 1853.88keV
            AREA : Gross =  99    Net = 9   +/- 35
            CENTROID: 1033.00  = 1755.62keV
            SHAPE: FWHM = 1.72     FW(1/5)M = 2.76
            ID: Sb-122 at 1752.40keV
            Corrected Rate = 1635.84 +/- 6361.58 cA

ROI # 5     RANGE: 1573 = 2687.58keV  to  1669 = 2853.52keV
            AREA : Gross =  21    Net = 21   +/- 4
Could not properly fit the peak.
