
Detector #1      ACQ 17-Feb-2022 at 13:23:18   RT = 60.0   LT = 59.8
            CK155-04 Easy-MCA-2k SN 12292282
            This is spectrum 003

ROI # 1     RANGE: 471 = 788.35keV  to  536 = 900.08keV
            AREA : Gross =  1544    Net = 631   +/- 98
            CENTROID: 510.20  = 855.74keV
            SHAPE: FWHM = 16.09     FW(1/5)M = 54.19
            ID: J-133 at 856.28keV
            Corrected Rate = 850.67 +/- 132.12 cA

ROI # 2     RANGE: 564 = 948.23keV  to  647 = 1090.98keV
            AREA : Gross =  943    Net = 299   +/- 93
            CENTROID: 596.08  = 1003.40keV
            SHAPE: FWHM = 2.78     FW(1/5)M = 23.39
            ID: Tb-160 at 1002.88keV
            Corrected Rate = 482.93 +/- 150.21 cA

ROI # 3     RANGE: 763 = 1290.58keV  to  844 = 1430.03keV
            AREA : Gross =  642    Net = -123   +/- 97
            CENTROID: 798.00  = 1350.83keV
            SHAPE: FWHM = 5.16     FW(1/5)M = 6.20
            ID: J-133 at 1350.38keV
            Corrected Rate = 0.00 +/- 1081.02 cA

ROI # 4     RANGE: 1001 = 1700.47keV  to  1090 = 1853.88keV
            AREA : Gross =  1113    Net = 768   +/- 74
            CENTROID: 1042.21  = 1771.49keV
            SHAPE: FWHM = 5.00     FW(1/5)M = 40.92
            ID: Co-56 at 1771.35keV
            Corrected Rate = 82.94 +/- 7.99 cA

ROI # 5     RANGE: 1573 = 2687.58keV  to  1669 = 2853.52keV
            AREA : Gross =  25    Net = 9   +/- 15
            CENTROID: 1577.00  = 2694.49keV
            SHAPE: FWHM = 119.25     FW(1/5)M = 120.28
            ID: Rb-89 at 2707.26keV
            Corrected Rate = 7.41 +/- 12.35 cA