
Detector #1      ACQ 17-Feb-2022 at 13:29:25   RT = 60.0   LT = 59.9
            CK155-04 Easy-MCA-2k SN 12292282
            This is spectrum 009

ROI # 1     RANGE: 471 = 788.35keV  to  536 = 900.08keV
            AREA : Gross =  1004    Net = 597   +/- 68
            CENTROID: 505.21  = 847.15keV
            SHAPE: FWHM = 14.75     FW(1/5)M = 56.18
            ID: J-134 at 847.03keV
            Corrected Rate = 10.45 +/- 1.19 cA

ROI # 2     RANGE: 564 = 948.23keV  to  647 = 1090.98keV
            AREA : Gross =  567    Net = 161   +/- 73
            CENTROID: 591.17  = 994.94keV
            SHAPE: FWHM = 20.03     FW(1/5)M = 38.17
            ID: Eu-154 at 996.26keV
            Corrected Rate = 25.54 +/- 11.58 cA

ROI # 3     RANGE: 763 = 1290.58keV  to  844 = 1430.03keV
            AREA : Gross =  332    Net = 31   +/- 61
            CENTROID: 826.00  = 1399.03keV
            SHAPE: FWHM = 1.84     FW(1/5)M = 2.95
            ID: J-132 at 1398.57keV
            Corrected Rate = 7.39 +/- 14.54 cA

ROI # 4     RANGE: 1001 = 1700.47keV  to  1090 = 1853.88keV
            AREA : Gross =  266    Net = 131   +/- 44
            CENTROID: 1041.70  = 1770.62keV
            SHAPE: FWHM = 4.47     FW(1/5)M = 18.53
            ID: Bi-207 at 1770.24keV
            Corrected Rate = 31.86 +/- 10.70 cA

ROI # 5     RANGE: 1573 = 2687.58keV  to  1669 = 2853.52keV
            AREA : Gross =  28    Net = -4   +/- 22
            CENTROID: 1627.00  = 2780.91keV
            SHAPE: FWHM = 2.59     FW(1/5)M = 4.84
            ID: Na-24 at 2754.00keV
            Corrected Rate = 0.00 +/- 0.37 cA