
Detector #1      ACQ 17-Feb-2022 at 13:46:49   RT = 60.0   LT = 59.9
            CK155-04 Easy-MCA-2k SN 12292282
            This is spectrum 026

ROI # 1     RANGE: 471 = 788.35keV  to  536 = 900.08keV
            AREA : Gross =  595    Net = 254   +/- 60
            CENTROID: 505.86  = 848.27keV
            SHAPE: FWHM = 2.08     FW(1/5)M = 8.72
            ID: J-134 at 847.03keV
            Corrected Rate = 4.45 +/- 1.05 cA

ROI # 2     RANGE: 564 = 948.23keV  to  647 = 1090.98keV
            AREA : Gross =  442    Net = 78   +/- 69
            CENTROID: 573.00  = 963.70keV
            SHAPE: FWHM = 1.86     FW(1/5)M = 2.98
            ID: Eu-152 at 964.13keV
            Corrected Rate = 9.08 +/- 8.04 cA

ROI # 3     RANGE: 763 = 1290.58keV  to  844 = 1430.03keV
            AREA : Gross =  268    Net = -224   +/- 77
            CENTROID: 771.00  = 1304.35keV
            SHAPE: FWHM = 12.05     FW(1/5)M = 13.08
            ID: Eu-152 at 1299.12keV
            Corrected Rate = 0.00 +/- 76.00 cA

ROI # 4     RANGE: 1001 = 1700.47keV  to  1090 = 1853.88keV
            AREA : Gross =  87    Net = -3   +/- 35
            CENTROID: 1004.00  = 1705.64keV
            SHAPE: FWHM = 1.72     FW(1/5)M = 2.76
            ID: J-135 at 1706.46keV
            Corrected Rate = 0.00 +/- 14.15 cA

ROI # 5     RANGE: 1573 = 2687.58keV  to  1669 = 2853.52keV
            AREA : Gross =  27    Net = -22   +/- 26
            CENTROID: 1635.00  = 2794.74keV
            SHAPE: FWHM = 8.64     FW(1/5)M = 9.68
            ID: Kr-87 at 2811.40keV
            Corrected Rate = 0.00 +/- 134.85 cA
