
Detector #1      ACQ 17-Feb-2022 at 13:35:34   RT = 60.0   LT = 59.9
            CK155-04 Easy-MCA-2k SN 12292282
            This is spectrum 015

ROI # 1     RANGE: 471 = 788.35keV  to  536 = 900.08keV
            AREA : Gross =  831    Net = 435   +/- 66
            CENTROID: 504.82  = 846.48keV
            SHAPE: FWHM = 13.20     FW(1/5)M = 58.65
            ID: Mn-56 at 846.75keV
            Corrected Rate = 7.35 +/- 1.11 cA

ROI # 2     RANGE: 564 = 948.23keV  to  647 = 1090.98keV
            AREA : Gross =  521    Net = 73   +/- 76
            CENTROID: 585.25  = 984.77keV
            SHAPE: FWHM = 27.98     FW(1/5)M = 33.77
            ID: Kr-88 at 985.78keV
            Corrected Rate = 93.09 +/- 96.92 cA

ROI # 3     RANGE: 763 = 1290.58keV  to  844 = 1430.03keV
            AREA : Gross =  259    Net = -14   +/- 58
            CENTROID: 841.00  = 1424.86keV
            SHAPE: FWHM = 1.72     FW(1/5)M = 2.76
            ID: Ba-139 at 1420.50keV
            Corrected Rate = 0.00 +/- 372.66 cA

ROI # 4     RANGE: 1001 = 1700.47keV  to  1090 = 1853.88keV
            AREA : Gross =  105    Net = 30   +/- 32
            CENTROID: 1068.00  = 1815.95keV
            SHAPE: FWHM = 2.00     FW(1/5)M = 3.44
            ID: Mn-56 at 1810.72keV
            Corrected Rate = 1.84 +/- 1.97 cA

ROI # 5     RANGE: 1573 = 2687.58keV  to  1669 = 2853.52keV
            AREA : Gross =  24    Net = -25   +/- 26
            CENTROID: 1634.00  = 2793.01keV
            SHAPE: FWHM = 1.73     FW(1/5)M = 2.77
            ID: Kr-87 at 2811.40keV
            Corrected Rate = 0.00 +/- 134.89 cA
