
Detector #1      ACQ 17-Feb-2022 at 13:42:42   RT = 60.0   LT = 59.9
            CK155-04 Easy-MCA-2k SN 12292282
            This is spectrum 022

ROI # 1     RANGE: 471 = 788.35keV  to  536 = 900.08keV
            AREA : Gross =  728    Net = 200   +/- 74
            CENTROID: 505.81  = 848.19keV
            SHAPE: FWHM = 12.90     FW(1/5)M = 24.74
            ID: J-134 at 847.03keV
            Corrected Rate = 3.50 +/- 1.30 cA

ROI # 2     RANGE: 564 = 948.23keV  to  647 = 1090.98keV
            AREA : Gross =  459    Net = 11   +/- 76
            CENTROID: 599.77  = 1009.73keV
            SHAPE: FWHM = 3.55     FW(1/5)M = 5.62
            ID: Cs-138 at 1009.78keV
            Corrected Rate = 0.62 +/- 4.26 cA

ROI # 3     RANGE: 763 = 1290.58keV  to  844 = 1430.03keV
            AREA : Gross =  269    Net = -100   +/- 67
            CENTROID: 785.00  = 1328.45keV
            SHAPE: FWHM = 1.72     FW(1/5)M = 2.75
            ID: Sb-124 at 1325.51keV
            Corrected Rate = 0.00 +/- 69.07 cA

ROI # 4     RANGE: 1001 = 1700.47keV  to  1090 = 1853.88keV
            AREA : Gross =  96    Net = 66   +/- 22
            CENTROID: 1007.45  = 1711.59keV
            SHAPE: FWHM = 111.94     FW(1/5)M = 113.02
            ID: J-135 at 1706.46keV
            Corrected Rate = 26.69 +/- 8.90 cA

ROI # 5     RANGE: 1573 = 2687.58keV  to  1669 = 2853.52keV
            AREA : Gross =  25    Net = -24   +/- 26
Could not properly fit the peak.